<?xml version="1.0" encoding="UTF-8"?>
<!-- Generated by org.testng.reporters.JUnitXMLReporter -->
<testsuite ignored="3" hostname="Srivalli" failures="0" tests="1" name="Default test" time="7.175" errors="0" timestamp="2024-08-21T16:19:16 IST">
  <testcase classname="com.vedha.test.SeleniumDemo" name="act" time="0.504"/>
  <testcase classname="com.vedha.test.SeleniumDemo" name="frames" time="0.0">
    <ignored/>
  </testcase> <!-- frames -->
  <testcase classname="com.vedha.test.SeleniumDemo" name="amaZon" time="0.0">
    <ignored/>
  </testcase> <!-- amaZon -->
  <testcase classname="com.vedha.test.SeleniumDemo" name="aleRts" time="0.0">
    <ignored/>
  </testcase> <!-- aleRts -->
</testsuite> <!-- Default test -->
