<?xml version="1.0" encoding="UTF-8"?>
<testng-results ignored="3" total="4" passed="1" failed="0" skipped="0">
  <reporter-output>
  </reporter-output>
  <suite started-at="2024-08-21T16:19:09 IST" name="Default suite" finished-at="2024-08-21T16:19:16 IST" duration-ms="7175">
    <groups>
    </groups>
    <test started-at="2024-08-21T16:19:09 IST" name="Default test" finished-at="2024-08-21T16:19:16 IST" duration-ms="7175">
      <class name="com.vedha.test.SeleniumDemo">
        <test-method is-config="true" signature="SetUp()[pri:0, instance:com.vedha.test.SeleniumDemo@16ec5519]" started-at="2024-08-21T16:19:09 IST" name="SetUp" finished-at="2024-08-21T16:19:16 IST" duration-ms="6634" status="PASS">
          <reporter-output>
          </reporter-output>
        </test-method> <!-- SetUp -->
        <test-method signature="act()[pri:0, instance:com.vedha.test.SeleniumDemo@16ec5519]" started-at="2024-08-21T16:19:16 IST" name="act" finished-at="2024-08-21T16:19:16 IST" duration-ms="504" status="PASS">
          <reporter-output>
          </reporter-output>
        </test-method> <!-- act -->
      </class> <!-- com.vedha.test.SeleniumDemo -->
    </test> <!-- Default test -->
  </suite> <!-- Default suite -->
</testng-results>
